<?xml version="1.0" encoding="UTF-8"?>
<!-- Generated by org.testng.reporters.JUnitReportReporter -->
<testsuite hostname="iDeliver26" failures="0" tests="1" name="test.Google" time="41.800" errors="0" timestamp="2021-11-15T16:03:36 IST" skipped="0">
  <testcase classname="test.Google" name="test" time="41.800"/>
  <system-out/>
</testsuite> <!-- test.Google -->
